This is TeX, C Version 3.141 (format=latex2e 95.10.9)  28 FEB 1996 19:11
**&latex2e thesis
(thesis.tex
LaTeX2e <1995/06/01> patch level 3
Hyphenation patterns for english, danish, loaded.
(/net/prod/appl/texmf/tex/latex2e/base/report.cls
Document Class: report 1995/06/26 v1.3g Standard LaTeX document class
(/net/prod/appl/texmf/tex/latex2e/base/size12.clo
File: size12.clo 1995/06/26 v1.3g Standard LaTeX file (size option)
)
\c@part=\count82
\c@chapter=\count83
\c@section=\count84
\c@subsection=\count85
\c@subsubsection=\count86
\c@paragraph=\count87
\c@subparagraph=\count88
\c@figure=\count89
\c@table=\count90
\abovecaptionskip=\skip41
\belowcaptionskip=\skip42
\bibindent=\dimen102
) (makro.tex
(/net/applications/tex/inputs/local/dkchar.tex)
(/net/prod/appl/texmf/tex/latex2e/base/alltt.sty
Package: alltt 1995/05/18 v2.0e defines alltt environment
)
(/net/prod/appl/texmf/tex/latex2e/amslatex/amstex.sty
Package: amstex 1995/01/27 v1.2 AMS extra math features
\@mathmargin=\skip43
\@emptytoks=\toks15
\ex@=\dimen103
\Mathstrutbox@=\box26
\strutbox@=\box27
\big@size=\dimen104
\pmbraise@=\dimen105
LaTeX Info: Redefining \frac on input line 349.
\classnum@=\count91
\DOTSCASE@=\count92
LaTeX Info: Redefining \dots on input line 600.
LaTeX Info: Redefining \ldots on input line 683.
LaTeX Info: Redefining \cdots on input line 687.
LaTeX Font Info:    Redeclaring math symbol \Gamma on input line 712.
LaTeX Font Info:    Redeclaring math symbol \Delta on input line 713.
LaTeX Font Info:    Redeclaring math symbol \Theta on input line 714.
LaTeX Font Info:    Redeclaring math symbol \Lambda on input line 715.
LaTeX Font Info:    Redeclaring math symbol \Xi on input line 716.
LaTeX Font Info:    Redeclaring math symbol \Pi on input line 717.
LaTeX Font Info:    Redeclaring math symbol \Sigma on input line 718.
LaTeX Font Info:    Redeclaring math symbol \Upsilon on input line 719.
LaTeX Font Info:    Redeclaring math symbol \Phi on input line 720.
LaTeX Font Info:    Redeclaring math symbol \Psi on input line 721.
LaTeX Font Info:    Redeclaring math symbol \Omega on input line 722.
LaTeX Font Info:    Redeclaring font encoding OML on input line 738.
LaTeX Font Info:    Redeclaring font encoding OMS on input line 739.
\skewcharcount@=\count93
\familycount@=\count94
\pointcount@=\count95
\accentdimen@=\dimen106
\accentmu@=\count96
\dspbrk@lvl=\count97
\tag@help=\toks16
\c@MaxMatrixCols=\count98
\dotsspace@=\muskip10
\and@=\count99
\andhelp@=\toks17
\@envbody=\toks18
\hashtoks@=\toks19
\atcount@=\count100
\lwidth@=\dimen107
\rwidth@=\dimen108
\maxlwidth@=\dimen109
\maxrwidth@=\dimen110
\totwidth@=\dimen111
\lineht@=\dimen112
\savealignat@=\box28
\gwidth@=\dimen113
\gmaxwidth@=\dimen114
\glineht@=\dimen115
\multlinegap=\dimen116
\multlinetaggap@=\dimen117
\mwidth@=\dimen118
\mlineht@=\dimen119
\mtagbox@=\box29
\ltwidth@=\dimen120
\rtwidth@=\dimen121
\c@parentequation=\count101
\athelp@=\toks20
\minaw@=\dimen122
\bigaw@=\dimen123
\uproot@=\count102
\leftroot@=\count103
\symAMSa=\mathgroup4
\symAMSb=\mathgroup5
LaTeX Font Info:    Overwriting math alphabet `\mathfrak' in version `bold'
(Font)                  U/euf/m/n --> U/euf/b/n on input line 1996.
LaTeX Info: Redefining \nobreakspace on input line 2040.
)
(/usr/users/matstuds/carstenj/tex/inputs/bchap.sty
bchap style option <December 12, 1988>
) (/usr/users/matstuds/carstenj/tex/inputs/ecltree.sty
ECL Tree graph macro by isozaki, Nov. 12, 1990
\@BundleWidth=\dimen124
\@BundleDepth=\dimen125
\@BundleHeight=\dimen126
\@NodeBox=\box30
\GapDepth=\dimen127
\GapWidth=\dimen128
\EdgeLabelSep=\dimen129
) (/net/applications/tex/inputs/graphics/epic.sty
Enhancements to Picture Environment. Version 1.2 - Released June 1, 1986
\@@multicnt=\count104
\d@lta=\count105
\@delta=\dimen130
\@@delta=\dimen131
\@gridcnt=\count106
\@joinkind=\count107
\@dotgap=\dimen132
\@ddotgap=\dimen133
\@x@diff=\count108
\@y@diff=\count109
\x@diff=\dimen134
\y@diff=\dimen135
\@dotbox=\box31
\num@segments=\count110
\num@segmentsi=\count111
\@datafile=\read1
) (/net/applications/tex/inputs/graphics/eepic.sty
Extension to Epic and LaTeX. Version 1.1b - Released Febrary 7, 1988
\@gphlinewidth=\count112
\@eepictcnt=\count113
\@tempdimc=\dimen136
\maxovaldiam=\dimen137
\@filltype=\box32
) (/usr/users/matstuds/carstenj/tex/inputs/float.sty
Style-Option: `float' 1.1c 18 Dec 92 (AL)
\float@type=\count114
\float@box=\box33
\@floatcapt=\box34
)
(/net/applications/maple-5.3/etc/maplems.sty
Maple Latex Environment Definitions -- $Revision: 3.4 $, February, 1994
(/net/applications/maple-5.3/etc/mapleenv.sty
Maple Latex Environment Definitions -- $Revision: 3.7 $, February, 1994
\AboveMaplePlot=\skip44
\BelowMaplePlot=\skip45
\AboveMapleSkip=\skip46
\BelowMapleSkip=\skip47
\LeftMapleSkip=\dimen138
\MaplePlotHeight=\dimen139
\MaplePlotWidth=\dimen140
\MapleSepLineWidth=\dimen141
\MapleSepLineHeight=\dimen142
\MapleTab=\count115
\MapleParCount=\count116
\MaplePromptString=\toks21
\@MapleTabSize=\dimen143
(/net/applications/tex/inputs/graphics/psfig.sty
\@unused=\write3
\ps@stream=\read2
\p@intvaluex=\dimen144
\p@intvaluey=\dimen145

psfig/tex 1.10-dvips
))) (/net/applications/tex/inputs/graphics/psfig.sty)
(/net/prod/appl/texmf/tex/latex2e/tools/theorem.sty
Package: theorem 1994/02/03 LaTeX2e package v2.2a

Package: `theorem' v2.2a    <1994/02/03> (FMi)
English documentation as of <1994/02/28> (FMi)
\theorem@style=\toks22
\theorem@bodyfont=\toks23
\theorempreskipamount=\skip48
\theorempostskipamount=\skip49
(/net/prod/appl/texmf/tex/latex2e/tools/thp.sty
File: thp.sty 1994/02/03 Theorem layout style v2.2a
Theorem layout: `theorem-plain' v2.2a <1994/02/03> (FMi)
))
(/net/prod/appl/texmf/tex/latex2e/tools/thc.sty
File: thc.sty 1994/02/03 Theorem layout style v2.2a
Theorem layout: `theorem-change' v2.2a <1994/02/03> (FMi)
)
\c@Algoritme=\count117
\c@theorem=\count118
\c@ad=\count119
\cirkel=\skip50
LaTeX Font Info:    External font `cmex10' loaded for size
(Font)              <12> on input line 67.
LaTeX Font Info:    External font `cmex10' loaded for size
(Font)              <8> on input line 67.
LaTeX Font Info:    External font `cmex10' loaded for size
(Font)              <6> on input line 67.
LaTeX Font Info:    Try loading font information for U+msa on input line 67.

(/net/prod/appl/texmf/tex/latex2e/amsfonts/Umsa.fd
File: Umsa.fd 1995/01/05 v2.2e AMS font definitions
)
LaTeX Font Info:    Try loading font information for U+msb on input line 67.

(/net/prod/appl/texmf/tex/latex2e/amsfonts/Umsb.fd
File: Umsb.fd 1995/01/05 v2.2e AMS font definitions
)) (thesis.aux (forord.aux)
(noter.aux) (introduktion.aux) (variations.aux) (fem.aux) (polynomium.aux)
(netinddeling.aux) (fejlestimering.aux) (nocite.aux))
LaTeX Font Info:    Checking defaults for OML/cmm/m/it on input line 5.
LaTeX Font Info:    ... okay on input line 5.
LaTeX Font Info:    Checking defaults for T1/cmr/m/n on input line 5.
LaTeX Font Info:    ... okay on input line 5.
LaTeX Font Info:    Checking defaults for OT1/cmr/m/n on input line 5.
LaTeX Font Info:    ... okay on input line 5.
LaTeX Font Info:    Checking defaults for OMS/cmsy/m/n on input line 5.
LaTeX Font Info:    ... okay on input line 5.
LaTeX Font Info:    Checking defaults for OMX/cmex/m/n on input line 5.
LaTeX Font Info:    ... okay on input line 5.
LaTeX Font Info:    Checking defaults for U/cmr/m/n on input line 5.
LaTeX Font Info:    ... okay on input line 5.
LaTeX Font Info:    External font `cmex10' loaded for size
(Font)              <14.4> on input line 14.
LaTeX Font Info:    External font `cmex10' loaded for size
(Font)              <7> on input line 14.
 [1

] (forord.tex
Underfull \hbox (badness 10000) in paragraph at lines 1--1
 []\ChapFont Forord
 []

) [1


] (noter.tex
Underfull \hbox (badness 10000) in paragraph at lines 1--1
 []\ChapFont Noter
 []

) [2



]
Underfull \hbox (badness 10000) in paragraph at lines 19--19
 []\ChapFont Indhold
 []

(thesis.toc [3


] [4])
\tf@toc=\write4
 [5]
Underfull \hbox (badness 10000) in paragraph at lines 20--20
 []\ChapFont Figurer
 []

(thesis.lof [6

])
\tf@lof=\write5
 [7]
Underfull \hbox (badness 10000) in paragraph at lines 21--21
 []\ChapFont Tabeller
 []

(thesis.lot)
\tf@lot=\write6
 [8

]
Underfull \hbox (badness 10000) in paragraph at lines 22--22
 []\ChapFont Algoritmer
 []

(thesis.loa)
\tf@loa=\write7
 [9

] (introduktion.tex
Chapter 1.
[1


] [2] [3] [4]) [5] (variations.tex
Chapter 2.
[6



] [7] [8] [9] [10] [11] [12] [13] [14] [15] [16]) [17] (fem.tex
Chapter 3.
[18



]
LaTeX Font Info:    External font `cmex10' loaded for size
(Font)              <17.28> on input line 64.
 [19] [20] [21] [22] [23] [24] [25]
psfig: searching lovnet.ps for bounding box
psfig: including lovnet.ps 
psfig: searching ulovnet.ps for bounding box
psfig: including ulovnet.ps 
[26]
psfig: searching support.ps for bounding box
psfig: including support.ps 
[27] [28]
psfig: searching argyris.ps for bounding box
psfig: including argyris.ps 
[29] [30] [31] [32] [33] [34]) [35] (polynomium.tex
Chapter 4.
[36



] [37] [38]
psfig: searching cos.ps for bounding box
(clip)
psfig: including cos.ps 
[39] [40] [41] [42] [43] [44] [45] [46]) [47] (netinddeling.tex
Chapter 5.
[48



] [49] [50] [51] [52]
\len=\skip51
 [53] [54] [55] [56] [57] [58] [59] [60] [61] [62]
[63] [64] [65] [66] [67] [68]) [69] (fejlestimering.tex
Chapter 6.
[70



] [71]
psfig: searching cell.ps for bounding box
psfig: including cell.ps 
[72] [73] [74] [75] [76] [77] [78] [79] [80] [81] [82] [83] [84]) [85]
(nocite.tex) (thesis.bbl
Underfull \hbox (badness 10000) in paragraph at lines 1--1
 []\ChapFont Litteratur
 []

[86




] [87] [88]) [89] (thesis.aux (forord.aux) (noter.aux) (introduktion.aux)
(variations.aux) (fem.aux) (polynomium.aux) (netinddeling.aux)
(fejlestimering.aux) (nocite.aux)) ) 
Here is how much of TeX's memory you used:
 2047 strings out of 10927
 19506 string characters out of 72348
 96990 words of memory out of 262141
 4655 multiletter control sequences out of 9500
 20809 words of font info for 76 fonts, out of 100000 for 255
 14 hyphenation exceptions out of 607
 29i,27n,47p,737b,631s stack positions out of 300i,40n,60p,3000b,4000s

Output written on thesis.dvi (99 pages, 372852 bytes).
